<?xml version="1.0" encoding="UTF-8"?>
<!-- Generated by org.testng.reporters.JUnitReportReporter -->
<testsuite hostname="DESKTOP-7QD66SA" failures="0" tests="1" name="com.bridgelabz.test.BooksWagonTest" time="145.750" errors="0" timestamp="2023-04-03T14:36:45 IST" skipped="0">
  <testcase classname="com.bridgelabz.test.BooksWagonTest" name="InBooksWagonOrderBook" time="145.750"/>
  <system-out/>
</testsuite> <!-- com.bridgelabz.test.BooksWagonTest -->
